#
# There is insufficient memory for the Java Runtime Environment to continue.
# Native memory allocation (malloc) failed to allocate 1662544 bytes for Chunk::new
# Possible reasons:
#   The system is out of physical RAM or swap space
#   The process is running with CompressedOops enabled, and the Java Heap may be blocking the growth of the native heap
# Possible solutions:
#   Reduce memory load on the system
#   Increase physical memory or swap space
#   Check if swap backing store is full
#   Decrease Java heap size (-Xmx/-Xms)
#   Decrease number of Java threads
#   Decrease Java thread stack sizes (-Xss)
#   Set larger code cache with -XX:ReservedCodeCacheSize=
#   JVM is running with Unscaled Compressed Oops mode in which the Java heap is
#     placed in the first 4GB address space. The Java Heap base address is the
#     maximum limit for the native heap growth. Please use -XX:HeapBaseMinAddress
#     to set the Java Heap base and to place the Java Heap above 4GB virtual address.
# This output file may be truncated or incomplete.
#
#  Out of Memory Error (allocation.cpp:389), pid=12764, tid=0x0000000000000728
#
# JRE version: Java(TM) SE Runtime Environment (8.0_231-b11) (build 1.8.0_231-b11)
# Java VM: Java HotSpot(TM) 64-Bit Server VM (25.231-b11 mixed mode windows-amd64 compressed oops)
# Failed to write core dump. Minidumps are not enabled by default on client versions of Windows
#

---------------  T H R E A D  ---------------

Current thread (0x000000001550c000):  JavaThread "C2 CompilerThread1" daemon [_thread_in_native, id=1832, stack(0x0000000015d60000,0x0000000015e60000)]

Stack: [0x0000000015d60000,0x0000000015e60000]
[error occurred during error reporting (printing stack bounds), id 0xc0000005]

Native frames: (J=compiled Java code, j=interpreted, Vv=VM code, C=native code)


Current CompileTask:
C2:   3601 1715       4       java.net.URLClassLoader$1::run (5 bytes)


---------------  P R O C E S S  ---------------

Java Threads: ( => current thread )
  0x0000000017277800 JavaThread "ForkJoinPool.commonPool-worker-3" daemon [_thread_blocked, id=5868, stack(0x0000000019c70000,0x0000000019d70000)]
  0x0000000017276800 JavaThread "ForkJoinPool.commonPool-worker-2" daemon [_thread_blocked, id=16368, stack(0x0000000019b70000,0x0000000019c70000)]
  0x0000000017336800 JavaThread "ForkJoinPool.commonPool-worker-1" daemon [_thread_blocked, id=15284, stack(0x0000000018270000,0x0000000018370000)]
  0x0000000016a8b000 JavaThread "/127.0.0.1:56171 to /127.0.0.1:56168 workers Thread 3" [_thread_in_native, id=5284, stack(0x0000000017f70000,0x0000000018070000)]
  0x0000000016f4a000 JavaThread "/127.0.0.1:56171 to /127.0.0.1:56168 workers Thread 2" [_thread_blocked, id=2752, stack(0x0000000017e70000,0x0000000017f70000)]
  0x0000000016e3c800 JavaThread "/127.0.0.1:56171 to /127.0.0.1:56168 workers" [_thread_blocked, id=18556, stack(0x0000000017a30000,0x0000000017b30000)]
  0x0000000015597000 JavaThread "Service Thread" daemon [_thread_blocked, id=17588, stack(0x0000000015f60000,0x0000000016060000)]
  0x0000000015512800 JavaThread "C1 CompilerThread2" daemon [_thread_blocked, id=5304, stack(0x0000000015e60000,0x0000000015f60000)]
=>0x000000001550c000 JavaThread "C2 CompilerThread1" daemon [_thread_in_native, id=1832, stack(0x0000000015d60000,0x0000000015e60000)]
  0x000000001550a000 JavaThread "C2 CompilerThread0" daemon [_thread_in_native, id=17036, stack(0x0000000015c60000,0x0000000015d60000)]
  0x0000000015508000 JavaThread "Attach Listener" daemon [_thread_blocked, id=16816, stack(0x0000000015b60000,0x0000000015c60000)]
  0x00000000140de000 JavaThread "Signal Dispatcher" daemon [_thread_blocked, id=4032, stack(0x0000000015a60000,0x0000000015b60000)]
  0x0000000002beb800 JavaThread "Finalizer" daemon [_thread_blocked, id=3292, stack(0x00000000152d0000,0x00000000153d0000)]
  0x000000001406a800 JavaThread "Reference Handler" daemon [_thread_blocked, id=13556, stack(0x00000000151d0000,0x00000000152d0000)]
  0x0000000002e1e800 JavaThread "Test worker" [_thread_in_native, id=10040, stack(0x0000000001220000,0x0000000001320000)]

Other Threads:
  0x0000000014048000 VMThread [stack: 0x00000000150d0000,0x00000000151d0000] [id=2004]
  0x0000000015636800 WatcherThread [stack: 0x0000000016060000,0x0000000016160000] [id=11916]

VM state:not at safepoint (normal execution)

VM Mutex/Monitor currently owned by a thread: None

heap address: 0x00000000e0000000, size: 512 MB, Compressed Oops mode: 32-bit
Narrow klass base: 0x0000000000000000, Narrow klass shift: 3
Compressed class space size: 1073741824 Address: 0x0000000100000000

Heap:
 PSYoungGen      total 37888K, used 9390K [0x00000000f5580000, 0x00000000f9680000, 0x0000000100000000)
  eden space 32768K, 17% used [0x00000000f5580000,0x00000000f5b1c168,0x00000000f7580000)
  from space 5120K, 71% used [0x00000000f7580000,0x00000000f790f7c8,0x00000000f7a80000)
  to   space 8704K, 0% used [0x00000000f8e00000,0x00000000f8e00000,0x00000000f9680000)
 ParOldGen       total 58880K, used 7349K [0x00000000e0000000, 0x00000000e3980000, 0x00000000f5580000)
  object space 58880K, 12% used [0x00000000e0000000,0x00000000e072d638,0x00000000e3980000)
 Metaspace       used 24216K, capacity 24768K, committed 24832K, reserved 1071104K
  class space    used 3400K, capacity 3570K, committed 3584K, reserved 1048576K

Card table byte_map: [0x0000000002c30000,0x0000000002d40000] byte_map_base: 0x0000000002530000

Marking Bits: (ParMarkBitMap*) 0x0000000050ff6d90
 Begin Bits: [0x00000000125e0000, 0x0000000012de0000)
 End Bits:   [0x0000000012de0000, 0x00000000135e0000)

Polling page: 0x0000000001320000

CodeCache: size=245760Kb used=6079Kb max_used=6079Kb free=239680Kb
 bounds [0x0000000002e20000, 0x0000000003420000, 0x0000000011e20000]
 total_blobs=2193 nmethods=1785 adapters=320
 compilation: enabled

Compilation events (10 events):
Event: 3.552 Thread 0x0000000015512800 nmethod 1782 0x0000000003411810 code [0x00000000034119e0, 0x0000000003412368]
Event: 3.554 Thread 0x0000000015512800 1783       3       net.bytebuddy.description.method.MethodDescription$ForLoadedMethod::getParameters (57 bytes)
Event: 3.555 Thread 0x0000000015512800 nmethod 1783 0x0000000003412590 code [0x0000000003412740, 0x0000000003412d90]
Event: 3.561 Thread 0x0000000015512800 1784       3       net.bytebuddy.description.type.TypeDescription$Generic$LazyProjection::<init> (5 bytes)
Event: 3.561 Thread 0x0000000015512800 nmethod 1784 0x0000000003409e90 code [0x000000000340a000, 0x000000000340a270]
Event: 3.565 Thread 0x0000000015512800 1785       3       net.bytebuddy.description.type.TypeDescription$Generic$LazyProjection$WithEagerNavigation::<init> (5 bytes)
Event: 3.565 Thread 0x0000000015512800 nmethod 1785 0x00000000034098d0 code [0x0000000003409a40, 0x0000000003409d10]
Event: 3.571 Thread 0x0000000015512800 1786       3       net.bytebuddy.description.type.TypeDescription$Generic$LazyProjection$WithEagerNavigation$OfAnnotatedElement::<init> (5 bytes)
Event: 3.571 Thread 0x0000000015512800 nmethod 1786 0x0000000003413250 code [0x00000000034133c0, 0x00000000034136f0]
Event: 3.577 Thread 0x000000001550a000 1787   !   4       java.net.URLClassLoader$1::run (63 bytes)

GC Heap History (10 events):
Event: 1.856 GC heap before
{Heap before GC invocations=2 (full 0):
 PSYoungGen      total 37888K, used 37881K [0x00000000f5580000, 0x00000000f7f80000, 0x0000000100000000)
  eden space 32768K, 100% used [0x00000000f5580000,0x00000000f7580000,0x00000000f7580000)
  from space 5120K, 99% used [0x00000000f7580000,0x00000000f7a7e550,0x00000000f7a80000)
  to   space 5120K, 0% used [0x00000000f7a80000,0x00000000f7a80000,0x00000000f7f80000)
 ParOldGen       total 86016K, used 970K [0x00000000e0000000, 0x00000000e5400000, 0x00000000f5580000)
  object space 86016K, 1% used [0x00000000e0000000,0x00000000e00f2980,0x00000000e5400000)
 Metaspace       used 14285K, capacity 14662K, committed 14848K, reserved 1062912K
  class space    used 1816K, capacity 1939K, committed 2048K, reserved 1048576K
Event: 1.865 GC heap after
Heap after GC invocations=2 (full 0):
 PSYoungGen      total 37888K, used 5110K [0x00000000f5580000, 0x00000000f7f80000, 0x0000000100000000)
  eden space 32768K, 0% used [0x00000000f5580000,0x00000000f5580000,0x00000000f7580000)
  from space 5120K, 99% used [0x00000000f7a80000,0x00000000f7f7d948,0x00000000f7f80000)
  to   space 5120K, 0% used [0x00000000f7580000,0x00000000f7580000,0x00000000f7a80000)
 ParOldGen       total 86016K, used 2564K [0x00000000e0000000, 0x00000000e5400000, 0x00000000f5580000)
  object space 86016K, 2% used [0x00000000e0000000,0x00000000e02811c8,0x00000000e5400000)
 Metaspace       used 14285K, capacity 14662K, committed 14848K, reserved 1062912K
  class space    used 1816K, capacity 1939K, committed 2048K, reserved 1048576K
}
Event: 2.330 GC heap before
{Heap before GC invocations=3 (full 0):
 PSYoungGen      total 37888K, used 37878K [0x00000000f5580000, 0x00000000f7f80000, 0x0000000100000000)
  eden space 32768K, 100% used [0x00000000f5580000,0x00000000f7580000,0x00000000f7580000)
  from space 5120K, 99% used [0x00000000f7a80000,0x00000000f7f7d948,0x00000000f7f80000)
  to   space 5120K, 0% used [0x00000000f7580000,0x00000000f7580000,0x00000000f7a80000)
 ParOldGen       total 86016K, used 2564K [0x00000000e0000000, 0x00000000e5400000, 0x00000000f5580000)
  object space 86016K, 2% used [0x00000000e0000000,0x00000000e02811c8,0x00000000e5400000)
 Metaspace       used 17417K, capacity 17848K, committed 18048K, reserved 1064960K
  class space    used 2259K, capacity 2392K, committed 2432K, reserved 1048576K
Event: 2.336 GC heap after
Heap after GC invocations=3 (full 0):
 PSYoungGen      total 37888K, used 5090K [0x00000000f5580000, 0x00000000f7f80000, 0x0000000100000000)
  eden space 32768K, 0% used [0x00000000f5580000,0x00000000f5580000,0x00000000f7580000)
  from space 5120K, 99% used [0x00000000f7580000,0x00000000f7a78a78,0x00000000f7a80000)
  to   space 5120K, 0% used [0x00000000f7a80000,0x00000000f7a80000,0x00000000f7f80000)
 ParOldGen       total 86016K, used 4213K [0x00000000e0000000, 0x00000000e5400000, 0x00000000f5580000)
  object space 86016K, 4% used [0x00000000e0000000,0x00000000e041d490,0x00000000e5400000)
 Metaspace       used 17417K, capacity 17848K, committed 18048K, reserved 1064960K
  class space    used 2259K, capacity 2392K, committed 2432K, reserved 1048576K
}
Event: 2.915 GC heap before
{Heap before GC invocations=4 (full 0):
 PSYoungGen      total 37888K, used 37594K [0x00000000f5580000, 0x00000000f7f80000, 0x0000000100000000)
  eden space 32768K, 99% used [0x00000000f5580000,0x00000000f753e0a0,0x00000000f7580000)
  from space 5120K, 99% used [0x00000000f7580000,0x00000000f7a78a78,0x00000000f7a80000)
  to   space 5120K, 0% used [0x00000000f7a80000,0x00000000f7a80000,0x00000000f7f80000)
 ParOldGen       total 86016K, used 4213K [0x00000000e0000000, 0x00000000e5400000, 0x00000000f5580000)
  object space 86016K, 4% used [0x00000000e0000000,0x00000000e041d490,0x00000000e5400000)
 Metaspace       used 20671K, capacity 21210K, committed 21296K, reserved 1067008K
  class space    used 2723K, capacity 2897K, committed 2944K, reserved 1048576K
Event: 2.924 GC heap after
Heap after GC invocations=4 (full 0):
 PSYoungGen      total 37888K, used 5111K [0x00000000f5580000, 0x00000000f7f80000, 0x0000000100000000)
  eden space 32768K, 0% used [0x00000000f5580000,0x00000000f5580000,0x00000000f7580000)
  from space 5120K, 99% used [0x00000000f7a80000,0x00000000f7f7dcb0,0x00000000f7f80000)
  to   space 5120K, 0% used [0x00000000f7580000,0x00000000f7580000,0x00000000f7a80000)
 ParOldGen       total 86016K, used 6640K [0x00000000e0000000, 0x00000000e5400000, 0x00000000f5580000)
  object space 86016K, 7% used [0x00000000e0000000,0x00000000e067c0f0,0x00000000e5400000)
 Metaspace       used 20671K, capacity 21210K, committed 21296K, reserved 1067008K
  class space    used 2723K, capacity 2897K, committed 2944K, reserved 1048576K
}
Event: 2.924 GC heap before
{Heap before GC invocations=5 (full 1):
 PSYoungGen      total 37888K, used 5111K [0x00000000f5580000, 0x00000000f7f80000, 0x0000000100000000)
  eden space 32768K, 0% used [0x00000000f5580000,0x00000000f5580000,0x00000000f7580000)
  from space 5120K, 99% used [0x00000000f7a80000,0x00000000f7f7dcb0,0x00000000f7f80000)
  to   space 5120K, 0% used [0x00000000f7580000,0x00000000f7580000,0x00000000f7a80000)
 ParOldGen       total 86016K, used 6640K [0x00000000e0000000, 0x00000000e5400000, 0x00000000f5580000)
  object space 86016K, 7% used [0x00000000e0000000,0x00000000e067c0f0,0x00000000e5400000)
 Metaspace       used 20671K, capacity 21210K, committed 21296K, reserved 1067008K
  class space    used 2723K, capacity 2897K, committed 2944K, reserved 1048576K
Event: 2.958 GC heap after
Heap after GC invocations=5 (full 1):
 PSYoungGen      total 37888K, used 0K [0x00000000f5580000, 0x00000000f7f80000, 0x0000000100000000)
  eden space 32768K, 0% used [0x00000000f5580000,0x00000000f5580000,0x00000000f7580000)
  from space 5120K, 0% used [0x00000000f7a80000,0x00000000f7a80000,0x00000000f7f80000)
  to   space 5120K, 0% used [0x00000000f7580000,0x00000000f7580000,0x00000000f7a80000)
 ParOldGen       total 58880K, used 7341K [0x00000000e0000000, 0x00000000e3980000, 0x00000000f5580000)
  object space 58880K, 12% used [0x00000000e0000000,0x00000000e072b638,0x00000000e3980000)
 Metaspace       used 20671K, capacity 21210K, committed 21296K, reserved 1067008K
  class space    used 2723K, capacity 2897K, committed 2944K, reserved 1048576K
}
Event: 3.459 GC heap before
{Heap before GC invocations=6 (full 1):
 PSYoungGen      total 37888K, used 32768K [0x00000000f5580000, 0x00000000f7f80000, 0x0000000100000000)
  eden space 32768K, 100% used [0x00000000f5580000,0x00000000f7580000,0x00000000f7580000)
  from space 5120K, 0% used [0x00000000f7a80000,0x00000000f7a80000,0x00000000f7f80000)
  to   space 5120K, 0% used [0x00000000f7580000,0x00000000f7580000,0x00000000f7a80000)
 ParOldGen       total 58880K, used 7341K [0x00000000e0000000, 0x00000000e3980000, 0x00000000f5580000)
  object space 58880K, 12% used [0x00000000e0000000,0x00000000e072b638,0x00000000e3980000)
 Metaspace       used 23615K, capacity 24160K, committed 24320K, reserved 1071104K
  class space    used 3305K, capacity 3474K, committed 3584K, reserved 1048576K
Event: 3.463 GC heap after
Heap after GC invocations=6 (full 1):
 PSYoungGen      total 37888K, used 3645K [0x00000000f5580000, 0x00000000f9680000, 0x0000000100000000)
  eden space 32768K, 0% used [0x00000000f5580000,0x00000000f5580000,0x00000000f7580000)
  from space 5120K, 71% used [0x00000000f7580000,0x00000000f790f7c8,0x00000000f7a80000)
  to   space 8704K, 0% used [0x00000000f8e00000,0x00000000f8e00000,0x00000000f9680000)
 ParOldGen       total 58880K, used 7349K [0x00000000e0000000, 0x00000000e3980000, 0x00000000f5580000)
  object space 58880K, 12% used [0x00000000e0000000,0x00000000e072d638,0x00000000e3980000)
 Metaspace       used 23615K, capacity 24160K, committed 24320K, reserved 1071104K
  class space    used 3305K, capacity 3474K, committed 3584K, reserved 1048576K
}

Deoptimization events (10 events):
Event: 2.192 Thread 0x0000000002e1e800 Uncommon trap: reason=class_check action=maybe_recompile pc=0x0000000003217b14 method=java.util.regex.Pattern$BmpCharProperty.match(Ljava/util/regex/Matcher;ILjava/lang/CharSequence;)Z @ 16
Event: 2.192 Thread 0x0000000002e1e800 Uncommon trap: reason=class_check action=maybe_recompile pc=0x0000000003217b14 method=java.util.regex.Pattern$BmpCharProperty.match(Ljava/util/regex/Matcher;ILjava/lang/CharSequence;)Z @ 16
Event: 2.211 Thread 0x0000000002e1e800 Uncommon trap: reason=class_check action=maybe_recompile pc=0x0000000003217b14 method=java.util.regex.Pattern$BmpCharProperty.match(Ljava/util/regex/Matcher;ILjava/lang/CharSequence;)Z @ 16
Event: 2.213 Thread 0x0000000002e1e800 Uncommon trap: reason=unstable_if action=reinterpret pc=0x000000000329aa7c method=java.lang.CharacterDataLatin1.isWhitespace(I)Z @ 14
Event: 2.216 Thread 0x0000000002e1e800 Uncommon trap: reason=unstable_if action=reinterpret pc=0x0000000003217b5c method=java.util.regex.Pattern$BmpCharProperty.match(Ljava/util/regex/Matcher;ILjava/lang/CharSequence;)Z @ 5
Event: 2.222 Thread 0x0000000002e1e800 Uncommon trap: reason=predicate action=maybe_recompile pc=0x00000000032621b0 method=java.lang.String.regionMatches(ZILjava/lang/String;II)Z @ 63
Event: 2.645 Thread 0x0000000002e1e800 Uncommon trap: reason=unstable_if action=reinterpret pc=0x0000000003153930 method=java.util.BitSet.get(I)Z @ 60
Event: 2.733 Thread 0x0000000002e1e800 Uncommon trap: reason=unstable_if action=reinterpret pc=0x0000000003332fb8 method=com.google.inject.internal.asm.$Frame.execute(IILcom/google/inject/internal/asm/$Symbol;Lcom/google/inject/internal/asm/$SymbolTable;)V @ 1944
Event: 2.879 Thread 0x0000000002e1e800 Uncommon trap: reason=unstable_if action=reinterpret pc=0x000000000335ad18 method=java.lang.Character.isHighSurrogate(C)Z @ 3
Event: 2.980 Thread 0x0000000002e1e800 Uncommon trap: reason=unstable_if action=reinterpret pc=0x00000000031afcb0 method=java.util.HashMap.hash(Ljava/lang/Object;)I @ 1

Classes redefined (0 events):
No events

Internal exceptions (10 events):
Event: 0.711 Thread 0x0000000002e1e800 Exception <a 'java/lang/ArrayIndexOutOfBoundsException'> (0x00000000f64cec38) thrown at [C:\re\workspace\8-2-build-windows-amd64-cygwin\jdk8u231\13620\hotspot\src\share\vm\runtime\sharedRuntime.cpp, line 605]
Event: 0.711 Thread 0x0000000002e1e800 Exception <a 'java/lang/ArrayIndexOutOfBoundsException'> (0x00000000f64cfb08) thrown at [C:\re\workspace\8-2-build-windows-amd64-cygwin\jdk8u231\13620\hotspot\src\share\vm\runtime\sharedRuntime.cpp, line 605]
Event: 1.150 Thread 0x0000000002e1e800 Exception <a 'java/lang/NoClassDefFoundError': org/slf4j/impl/StaticLoggerBinder> (0x00000000f6cbc5b8) thrown at [C:\re\workspace\8-2-build-windows-amd64-cygwin\jdk8u231\13620\hotspot\src\share\vm\classfile\systemDictionary.cpp, line 199]
Event: 2.366 Thread 0x0000000002e1e800 Exception <a 'sun/nio/fs/WindowsException'> (0x00000000f59132e8) thrown at [C:\re\workspace\8-2-build-windows-amd64-cygwin\jdk8u231\13620\hotspot\src\share\vm\prims\jni.cpp, line 710]
Event: 2.366 Thread 0x0000000002e1e800 Exception <a 'sun/nio/fs/WindowsException'> (0x00000000f5913c08) thrown at [C:\re\workspace\8-2-build-windows-amd64-cygwin\jdk8u231\13620\hotspot\src\share\vm\prims\jni.cpp, line 710]
Event: 2.684 Thread 0x0000000002e1e800 Exception <a 'java/lang/IncompatibleClassChangeError': Found class java.lang.Object, but interface was expected> (0x00000000f668f2f0) thrown at [C:\re\workspace\8-2-build-windows-amd64-cygwin\jdk8u231\13620\hotspot\src\share\vm\interpreter\linkResolver.cp
Event: 2.814 Thread 0x0000000002e1e800 Exception <a 'java/lang/NoSuchMethodError': java.lang.Object.lambda$static$0(Ljava/time/Duration;)V> (0x00000000f6d9d8a8) thrown at [C:\re\workspace\8-2-build-windows-amd64-cygwin\jdk8u231\13620\hotspot\src\share\vm\interpreter\linkResolver.cpp, line 620]
Event: 2.822 Thread 0x0000000002e1e800 Exception <a 'java/lang/IncompatibleClassChangeError': Found class java.lang.Object, but interface was expected> (0x00000000f6df7420) thrown at [C:\re\workspace\8-2-build-windows-amd64-cygwin\jdk8u231\13620\hotspot\src\share\vm\interpreter\linkResolver.cp
Event: 2.823 Thread 0x0000000002e1e800 Exception <a 'java/lang/NoSuchMethodError': java.lang.Object.lambda$or$2(Ljava/util/function/Predicate;Ljava/lang/Object;)Z> (0x00000000f6e022d8) thrown at [C:\re\workspace\8-2-build-windows-amd64-cygwin\jdk8u231\13620\hotspot\src\share\vm\interpreter\lin
Event: 2.980 Thread 0x0000000002e1e800 Implicit null exception at 0x00000000031afc18 to 0x00000000031afca6

Events (10 events):
Event: 3.583 loading class net/bytebuddy/description/type/TypeList$Empty
Event: 3.583 loading class net/bytebuddy/description/type/TypeList$Empty done
Event: 3.584 loading class net/bytebuddy/implementation/bytecode/constant/DefaultValue
Event: 3.584 loading class net/bytebuddy/implementation/bytecode/constant/DefaultValue done
Event: 3.585 loading class net/bytebuddy/implementation/bytecode/constant/LongConstant
Event: 3.585 loading class net/bytebuddy/implementation/bytecode/constant/LongConstant done
Event: 3.594 loading class net/bytebuddy/implementation/bytecode/constant/FloatConstant
Event: 3.594 loading class net/bytebuddy/implementation/bytecode/constant/FloatConstant done
Event: 3.595 loading class net/bytebuddy/implementation/bytecode/constant/DoubleConstant
Event: 3.595 loading class net/bytebuddy/implementation/bytecode/constant/DoubleConstant done


Dynamic libraries:
0x00007ff7328a0000 - 0x00007ff7328d7000 	C:\Program Files\Java\jdk1.8.0_231\bin\java.exe
0x00007fff72f70000 - 0x00007fff73168000 	C:\Windows\SYSTEM32\ntdll.dll
0x00007fff71560000 - 0x00007fff7161f000 	C:\Windows\System32\KERNEL32.DLL
0x00007fff70b00000 - 0x00007fff70dd2000 	C:\Windows\System32\KERNELBASE.dll
0x00007fff71900000 - 0x00007fff719ae000 	C:\Windows\System32\ADVAPI32.dll
0x00007fff71f80000 - 0x00007fff7201e000 	C:\Windows\System32\msvcrt.dll
0x00007fff71a10000 - 0x00007fff71aac000 	C:\Windows\System32\sechost.dll
0x00007fff71ab0000 - 0x00007fff71bd5000 	C:\Windows\System32\RPCRT4.dll
0x00007fff713b0000 - 0x00007fff71551000 	C:\Windows\System32\USER32.dll
0x00007fff706f0000 - 0x00007fff70712000 	C:\Windows\System32\win32u.dll
0x00007fff728a0000 - 0x00007fff728cb000 	C:\Windows\System32\GDI32.dll
0x00007fff70940000 - 0x00007fff70a4f000 	C:\Windows\System32\gdi32full.dll
0x00007fff70770000 - 0x00007fff7080d000 	C:\Windows\System32\msvcp_win.dll
0x00007fff70840000 - 0x00007fff70940000 	C:\Windows\System32\ucrtbase.dll
0x00007fff65be0000 - 0x00007fff65e7a000 	C:\Windows\WinSxS\amd64_microsoft.windows.common-controls_6595b64144ccf1df_6.0.19041.1110_none_60b5254171f9507e\COMCTL32.dll
0x00007fff71e90000 - 0x00007fff71ec2000 	C:\Windows\System32\IMM32.DLL
0x0000000051080000 - 0x0000000051152000 	C:\Program Files\Java\jdk1.8.0_231\jre\bin\msvcr100.dll
0x00000000507d0000 - 0x0000000051076000 	C:\Program Files\Java\jdk1.8.0_231\jre\bin\server\jvm.dll
0x00007fff71c70000 - 0x00007fff71c78000 	C:\Windows\System32\PSAPI.DLL
0x00007fff6b4f0000 - 0x00007fff6b4fa000 	C:\Windows\SYSTEM32\VERSION.dll
0x00007fff65990000 - 0x00007fff659b7000 	C:\Windows\SYSTEM32\WINMM.dll
0x00007fff648d0000 - 0x00007fff648d9000 	C:\Windows\SYSTEM32\WSOCK32.dll
0x00007fff72ec0000 - 0x00007fff72f2b000 	C:\Windows\System32\WS2_32.dll
0x00007fff6afe0000 - 0x00007fff6afef000 	C:\Program Files\Java\jdk1.8.0_231\jre\bin\verify.dll
0x00007fff4ba20000 - 0x00007fff4ba49000 	C:\Program Files\Java\jdk1.8.0_231\jre\bin\java.dll
0x00007fff684b0000 - 0x00007fff684c6000 	C:\Program Files\Java\jdk1.8.0_231\jre\bin\zip.dll
0x00007fff720a0000 - 0x00007fff727e4000 	C:\Windows\System32\SHELL32.dll
0x00007fff6e410000 - 0x00007fff6eba2000 	C:\Windows\SYSTEM32\windows.storage.dll
0x00007fff71040000 - 0x00007fff71395000 	C:\Windows\System32\combase.dll
0x00007fff6ffe0000 - 0x00007fff70010000 	C:\Windows\SYSTEM32\Wldp.dll
0x00007fff727f0000 - 0x00007fff7289d000 	C:\Windows\System32\SHCORE.dll
0x00007fff72020000 - 0x00007fff72075000 	C:\Windows\System32\shlwapi.dll
0x00007fff705a0000 - 0x00007fff705bf000 	C:\Windows\SYSTEM32\profapi.dll
0x00007fff55150000 - 0x00007fff5516a000 	C:\Program Files\Java\jdk1.8.0_231\jre\bin\net.dll
0x00007fff6fd40000 - 0x00007fff6fdaa000 	C:\Windows\system32\mswsock.dll
0x00007fff54e10000 - 0x00007fff54e22000 	C:\Program Files\Java\jdk1.8.0_231\jre\bin\nio.dll
0x00007fff6ff30000 - 0x00007fff6ff48000 	C:\Windows\SYSTEM32\CRYPTSP.dll
0x00007fff6f660000 - 0x00007fff6f694000 	C:\Windows\system32\rsaenh.dll
0x00007fff70810000 - 0x00007fff70837000 	C:\Windows\System32\bcrypt.dll
0x00007fff70520000 - 0x00007fff7054e000 	C:\Windows\SYSTEM32\USERENV.dll
0x00007fff70660000 - 0x00007fff706e2000 	C:\Windows\System32\bcryptprimitives.dll
0x00007fff6ff50000 - 0x00007fff6ff5c000 	C:\Windows\SYSTEM32\CRYPTBASE.dll
0x00007fff6fa30000 - 0x00007fff6fa6b000 	C:\Windows\SYSTEM32\IPHLPAPI.DLL
0x00007fff713a0000 - 0x00007fff713a8000 	C:\Windows\System32\NSI.dll
0x00007fff677d0000 - 0x00007fff677e7000 	C:\Windows\SYSTEM32\dhcpcsvc6.DLL
0x00007fff67de0000 - 0x00007fff67dfd000 	C:\Windows\SYSTEM32\dhcpcsvc.DLL
0x00007fff6fa70000 - 0x00007fff6fb3a000 	C:\Windows\SYSTEM32\DNSAPI.dll

VM Arguments:
jvm_args: -Djava.security.manager=worker.org.gradle.process.internal.worker.child.BootstrapSecurityManager -Dorg.gradle.internal.worker.tmpdir=C:\Users\Usuario\IdeaProjects\StartSharpProject\build\tmp\test\work -Dorg.gradle.native=false -Xmx512m -Dfile.encoding=windows-1252 -Duser.country=CO -Duser.language=es -Duser.variant -ea 
java_command: worker.org.gradle.process.internal.worker.GradleWorkerMain 'Gradle Test Executor 26'
java_class_path (initial): C:\Users\Usuario\.gradle\caches\7.5.1\workerMain\gradle-worker.jar
Launcher Type: SUN_STANDARD

Environment Variables:
JAVA_HOME=C:\Program Files\Java\jdk1.8.0_231
PATH=C:\Program Files (x86)\Common Files\Oracle\Java\javapath;C:\Windows\system32;C:\Windows;C:\Windows\System32\Wbem;C:\Windows\System32\WindowsPowerShell\v1.0\;C:\Windows\System32\OpenSSH\;C:\Program Files\dotnet\;C:\Program Files (x86)\Intel\Intel(R) Management Engine Components\DAL;C:\Program Files\Intel\Intel(R) Management Engine Components\DAL;C:\Program Files\Java\jdk1.8.0_231\bin;C:\Gradle\gradle-4.7\bin;C:\Users\Usuario\AppData\Local\Microsoft\WindowsApps;;C:\Program Files\JetBrains\IntelliJ IDEA Community Edition 2022.3.1\bin;
USERNAME=Usuario
OS=Windows_NT
PROCESSOR_IDENTIFIER=Intel64 Family 6 Model 142 Stepping 9, GenuineIntel



---------------  S Y S T E M  ---------------

OS: Windows 10.0 , 64 bit Build 19041 (10.0.19041.2364)

CPU:total 4 (initial active 4) (2 cores per cpu, 2 threads per core) family 6 model 142 stepping 9, cmov, cx8, fxsr, mmx, sse, sse2, sse3, ssse3, sse4.1, sse4.2, popcnt, avx, avx2, aes, clmul, erms, 3dnowpref, lzcnt, ht, tsc, tscinvbit, bmi1, bmi2, adx

Memory: 4k page, physical 8251040k(606284k free), swap 12445344k(5308k free)

vm_info: Java HotSpot(TM) 64-Bit Server VM (25.231-b11) for windows-amd64 JRE (1.8.0_231-b11), built on Oct  5 2019 03:11:30 by "java_re" with MS VC++ 10.0 (VS2010)

time: Thu Jan 19 21:50:54 2023
timezone: Hora est. Pacífico, Sudamérica
elapsed time: 3 seconds (0d 0h 0m 3s)

